Determining if the Q_WS_X11 exist failed with the following output:
Change Dir: /Users/loadx/Downloads/aqemu-0.8.2/CMakeFiles/CMakeTmp

Run Build Command:"/usr/bin/make" "cmTC_0f91f/fast"
/Applications/Xcode.app/Contents/Developer/usr/bin/make -f CMakeFiles/cmTC_0f91f.dir/build.make CMakeFiles/cmTC_0f91f.dir/build
Building CXX object CMakeFiles/cmTC_0f91f.dir/CheckSymbolExists.cxx.o
/Applications/Xcode.app/Contents/Developer/Toolchains/XcodeDefault.xctoolchain/usr/bin/c++    -I/usr/local/Cellar/qt/4.8.7_2/include -F/usr/local/Cellar/qt/4.8.7_2/lib   -o CMakeFiles/cmTC_0f91f.dir/CheckSymbolExists.cxx.o -c /Users/loadx/Downloads/aqemu-0.8.2/CMakeFiles/CMakeTmp/CheckSymbolExists.cxx
/Users/loadx/Downloads/aqemu-0.8.2/CMakeFiles/CMakeTmp/CheckSymbolExists.cxx:8:19: error: use of undeclared identifier 'Q_WS_X11'
  return ((int*)(&Q_WS_X11))[argc];
                  ^
1 error generated.
make[1]: *** [CMakeFiles/cmTC_0f91f.dir/CheckSymbolExists.cxx.o] Error 1
make: *** [cmTC_0f91f/fast] Error 2

File /Users/loadx/Downloads/aqemu-0.8.2/CMakeFiles/CMakeTmp/CheckSymbolExists.cxx:
/* */
#include <QtCore/qglobal.h>

int main(int argc, char** argv)
{
  (void)argv;
#ifndef Q_WS_X11
  return ((int*)(&Q_WS_X11))[argc];
#else
  (void)argc;
  return 0;
#endif
}

Determining if the Q_WS_WIN exist failed with the following output:
Change Dir: /Users/loadx/Downloads/aqemu-0.8.2/CMakeFiles/CMakeTmp

Run Build Command:"/usr/bin/make" "cmTC_7663c/fast"
/Applications/Xcode.app/Contents/Developer/usr/bin/make -f CMakeFiles/cmTC_7663c.dir/build.make CMakeFiles/cmTC_7663c.dir/build
Building CXX object CMakeFiles/cmTC_7663c.dir/CheckSymbolExists.cxx.o
/Applications/Xcode.app/Contents/Developer/Toolchains/XcodeDefault.xctoolchain/usr/bin/c++    -I/usr/local/Cellar/qt/4.8.7_2/include -F/usr/local/Cellar/qt/4.8.7_2/lib   -o CMakeFiles/cmTC_7663c.dir/CheckSymbolExists.cxx.o -c /Users/loadx/Downloads/aqemu-0.8.2/CMakeFiles/CMakeTmp/CheckSymbolExists.cxx
/Users/loadx/Downloads/aqemu-0.8.2/CMakeFiles/CMakeTmp/CheckSymbolExists.cxx:8:19: error: use of undeclared identifier 'Q_WS_WIN'
  return ((int*)(&Q_WS_WIN))[argc];
                  ^
1 error generated.
make[1]: *** [CMakeFiles/cmTC_7663c.dir/CheckSymbolExists.cxx.o] Error 1
make: *** [cmTC_7663c/fast] Error 2

File /Users/loadx/Downloads/aqemu-0.8.2/CMakeFiles/CMakeTmp/CheckSymbolExists.cxx:
/* */
#include <QtCore/qglobal.h>

int main(int argc, char** argv)
{
  (void)argv;
#ifndef Q_WS_WIN
  return ((int*)(&Q_WS_WIN))[argc];
#else
  (void)argc;
  return 0;
#endif
}

Determining if the Q_WS_QWS exist failed with the following output:
Change Dir: /Users/loadx/Downloads/aqemu-0.8.2/CMakeFiles/CMakeTmp

Run Build Command:"/usr/bin/make" "cmTC_b8b6a/fast"
/Applications/Xcode.app/Contents/Developer/usr/bin/make -f CMakeFiles/cmTC_b8b6a.dir/build.make CMakeFiles/cmTC_b8b6a.dir/build
Building CXX object CMakeFiles/cmTC_b8b6a.dir/CheckSymbolExists.cxx.o
/Applications/Xcode.app/Contents/Developer/Toolchains/XcodeDefault.xctoolchain/usr/bin/c++    -I/usr/local/Cellar/qt/4.8.7_2/include -F/usr/local/Cellar/qt/4.8.7_2/lib   -o CMakeFiles/cmTC_b8b6a.dir/CheckSymbolExists.cxx.o -c /Users/loadx/Downloads/aqemu-0.8.2/CMakeFiles/CMakeTmp/CheckSymbolExists.cxx
/Users/loadx/Downloads/aqemu-0.8.2/CMakeFiles/CMakeTmp/CheckSymbolExists.cxx:8:19: error: use of undeclared identifier 'Q_WS_QWS'
  return ((int*)(&Q_WS_QWS))[argc];
                  ^
1 error generated.
make[1]: *** [CMakeFiles/cmTC_b8b6a.dir/CheckSymbolExists.cxx.o] Error 1
make: *** [cmTC_b8b6a/fast] Error 2

File /Users/loadx/Downloads/aqemu-0.8.2/CMakeFiles/CMakeTmp/CheckSymbolExists.cxx:
/* */
#include <QtCore/qglobal.h>

int main(int argc, char** argv)
{
  (void)argv;
#ifndef Q_WS_QWS
  return ((int*)(&Q_WS_QWS))[argc];
#else
  (void)argc;
  return 0;
#endif
}

